<?xml version="1.0" encoding="UTF-8"?>
<!-- Generated by org.testng.reporters.JUnitXMLReporter -->
<testsuite hostname="Admin" ignored="0" name="Default test" tests="3" failures="0" timestamp="03 Aug 2019 17:26:35 GMT" time="0.067" errors="0">
  <testcase name="e1" time="0.01" classname="Selenium.Program_TestNG2"/>
  <testcase name="f1" time="0.006" classname="Selenium.Program_TestNG2"/>
  <testcase name="g1" time="0.008" classname="Selenium.Program_TestNG2"/>
</testsuite> <!-- Default test -->
