<?xml version="1.0" encoding="UTF-8"?>
<testng-results skipped="0" failed="0" ignored="0" total="3" passed="3">
  <reporter-output>
  </reporter-output>
  <suite name="Default suite" duration-ms="67" started-at="2019-08-03T17:26:35Z" finished-at="2019-08-03T17:26:35Z">
    <groups>
    </groups>
    <test name="Default test" duration-ms="67" started-at="2019-08-03T17:26:35Z" finished-at="2019-08-03T17:26:35Z">
      <class name="Selenium.Program_TestNG2">
        <test-method status="PASS" signature="e1()[pri:0, instance:Selenium.Program_TestNG2@458c1321]" name="e1" duration-ms="10" started-at="2019-08-03T17:26:35Z" finished-at="2019-08-03T17:26:35Z">
          <reporter-output>
          </reporter-output>
        </test-method> <!-- e1 -->
        <test-method status="PASS" signature="f1()[pri:0, instance:Selenium.Program_TestNG2@458c1321]" name="f1" duration-ms="6" started-at="2019-08-03T17:26:35Z" finished-at="2019-08-03T17:26:35Z">
          <reporter-output>
          </reporter-output>
        </test-method> <!-- f1 -->
        <test-method status="PASS" signature="g1()[pri:0, instance:Selenium.Program_TestNG2@458c1321]" name="g1" duration-ms="8" started-at="2019-08-03T17:26:35Z" finished-at="2019-08-03T17:26:35Z">
          <reporter-output>
          </reporter-output>
        </test-method> <!-- g1 -->
      </class> <!-- Selenium.Program_TestNG2 -->
    </test> <!-- Default test -->
  </suite> <!-- Default suite -->
</testng-results>
